  Game.cpp
  Main.cpp
  Generating Code...
Game.obj : error LNK2019: unresolved external symbol SDL_GetError referenced in function "public: void __cdecl Game::init(char const *,int,int,int,int,bool)" (?init@Game@@QEAAXPEBDHHHH_N@Z)
TextureManager.obj : error LNK2001: unresolved external symbol SDL_GetError
Game.obj : error LNK2019: unresolved external symbol SDL_CreateWindow referenced in function "public: void __cdecl Game::init(char const *,int,int,int,int,bool)" (?init@Game@@QEAAXPEBDHHHH_N@Z)
Game.obj : error LNK2019: unresolved external symbol SDL_DestroyWindow referenced in function "public: void __cdecl Game::clean(void)" (?clean@Game@@QEAAXXZ)
Game.obj : error LNK2019: unresolved external symbol SDL_GetKeyboardState referenced in function "public: void __cdecl Game::init(char const *,int,int,int,int,bool)" (?init@Game@@QEAAXPEBDHHHH_N@Z)
Game.obj : error LNK2019: unresolved external symbol SDL_PollEvent referenced in function "public: void __cdecl Game::handleEvent(void)" (?handleEvent@Game@@QEAAXXZ)
Game.obj : error LNK2019: unresolved external symbol SDL_Log referenced in function "public: void __cdecl Game::init(char const *,int,int,int,int,bool)" (?init@Game@@QEAAXPEBDHHHH_N@Z)
Game.obj : error LNK2019: unresolved external symbol SDL_CreateRenderer referenced in function "public: void __cdecl Game::init(char const *,int,int,int,int,bool)" (?init@Game@@QEAAXPEBDHHHH_N@Z)
Game.obj : error LNK2019: unresolved external symbol SDL_SetRenderDrawColor referenced in function "public: void __cdecl Game::init(char const *,int,int,int,int,bool)" (?init@Game@@QEAAXPEBDHHHH_N@Z)
Game.obj : error LNK2019: unresolved external symbol SDL_RenderClear referenced in function "public: void __cdecl Game::render(void)" (?render@Game@@QEAAXXZ)
Game.obj : error LNK2019: unresolved external symbol SDL_RenderCopy referenced in function "public: void __cdecl Game::render(void)" (?render@Game@@QEAAXXZ)
Game.obj : error LNK2019: unresolved external symbol SDL_RenderPresent referenced in function "public: void __cdecl Game::render(void)" (?render@Game@@QEAAXXZ)
Game.obj : error LNK2019: unresolved external symbol SDL_DestroyTexture referenced in function "public: void __cdecl Game::render(void)" (?render@Game@@QEAAXXZ)
Game.obj : error LNK2019: unresolved external symbol SDL_DestroyRenderer referenced in function "public: void __cdecl Game::clean(void)" (?clean@Game@@QEAAXXZ)
Game.obj : error LNK2019: unresolved external symbol SDL_Init referenced in function "public: void __cdecl Game::init(char const *,int,int,int,int,bool)" (?init@Game@@QEAAXPEBDHHHH_N@Z)
Game.obj : error LNK2019: unresolved external symbol SDL_Quit referenced in function "public: void __cdecl Game::clean(void)" (?clean@Game@@QEAAXXZ)
Game.obj : error LNK2019: unresolved external symbol IMG_Init referenced in function "public: void __cdecl Game::init(char const *,int,int,int,int,bool)" (?init@Game@@QEAAXPEBDHHHH_N@Z)
TextureManager.obj : error LNK2019: unresolved external symbol SDL_FreeSurface referenced in function "public: static struct SDL_Texture * __cdecl TextureManager::LoadTexture(char const *,struct SDL_Renderer *)" (?LoadTexture@TextureManager@@SAPEAUSDL_Texture@@PEBDPEAUSDL_Renderer@@@Z)
TextureManager.obj : error LNK2019: unresolved external symbol SDL_CreateTextureFromSurface referenced in function "public: static struct SDL_Texture * __cdecl TextureManager::LoadTexture(char const *,struct SDL_Renderer *)" (?LoadTexture@TextureManager@@SAPEAUSDL_Texture@@PEBDPEAUSDL_Renderer@@@Z)
TextureManager.obj : error LNK2019: unresolved external symbol IMG_Load referenced in function "public: static struct SDL_Texture * __cdecl TextureManager::LoadTexture(char const *,struct SDL_Renderer *)" (?LoadTexture@TextureManager@@SAPEAUSDL_Texture@@PEBDPEAUSDL_Renderer@@@Z)
MSVCRTD.lib(exe_main.obj) : error LNK2019: unresolved external symbol main referenced in function "int __cdecl invoke_main(void)" (?invoke_main@@YAHXZ)
C:\Users\jrcdi\source\repos\Andesite\dependencies\SDL2\lib\x86\SDL2_image.lib : warning LNK4272: library machine type 'x86' conflicts with target machine type 'x64'
C:\Users\jrcdi\source\repos\Andesite\dependencies\SDL2\lib\x86\SDL2.lib : warning LNK4272: library machine type 'x86' conflicts with target machine type 'x64'
C:\Users\jrcdi\source\repos\Andesite\dependencies\SDL2\lib\x86\SDL2main.lib : warning LNK4272: library machine type 'x86' conflicts with target machine type 'x64'
C:\Users\jrcdi\source\repos\Andesite\dependencies\SDL2\lib\x86\SDL2test.lib : warning LNK4272: library machine type 'x86' conflicts with target machine type 'x64'
C:\Users\jrcdi\source\repos\Andesite\bin\x64\Debug\Andesite.exe : fatal error LNK1120: 20 unresolved externals
