c:\dev\andesite\bin\intermediates\win32\debug\vc142.pdb
c:\dev\andesite\bin\intermediates\win32\debug\vc142.idb
c:\dev\andesite\bin\intermediates\win32\debug\game.obj
c:\dev\andesite\bin\intermediates\win32\debug\player.obj
c:\dev\andesite\bin\intermediates\win32\debug\andesite.pch
c:\dev\andesite\bin\intermediates\win32\debug\pch.obj
c:\dev\andesite\bin\intermediates\win32\debug\texturemanager.obj
c:\dev\andesite\bin\intermediates\win32\debug\main.obj
c:\dev\andesite\bin\win32\debug\andesite.exe
c:\dev\andesite\bin\win32\debug\andesite.ilk
c:\dev\andesite\bin\win32\debug\andesite.pdb
c:\users\jrcdi\source\repos\andesite\bin\intermediates\win32\debug\game.obj
c:\users\jrcdi\source\repos\andesite\bin\intermediates\win32\debug\main.obj
c:\users\jrcdi\source\repos\andesite\bin\intermediates\win32\debug\pch.obj
c:\users\jrcdi\source\repos\andesite\bin\intermediates\win32\debug\player.obj
c:\users\jrcdi\source\repos\andesite\bin\intermediates\win32\debug\texturemanager.obj
c:\users\jrcdi\source\repos\andesite\bin\intermediates\win32\debug\andesite.pch
c:\users\jrcdi\source\repos\andesite\bin\intermediates\win32\debug\vc142.idb
c:\users\jrcdi\source\repos\andesite\bin\intermediates\win32\debug\vc142.pdb
c:\users\jrcdi\source\repos\andesite\bin\win32\debug\andesite.pdb
c:\users\jrcdi\source\repos\andesite\bin\win32\debug\andesite.exe
c:\users\jrcdi\source\repos\andesite\bin\win32\debug\andesite.ilk
c:\users\jrcdi\source\repos\andesite\bin\intermediates\win32\debug\andesite.tlog\cl.command.1.tlog
c:\users\jrcdi\source\repos\andesite\bin\intermediates\win32\debug\andesite.tlog\cl.read.1.tlog
c:\users\jrcdi\source\repos\andesite\bin\intermediates\win32\debug\andesite.tlog\cl.write.1.tlog
c:\users\jrcdi\source\repos\andesite\bin\intermediates\win32\debug\andesite.tlog\link.command.1.tlog
c:\users\jrcdi\source\repos\andesite\bin\intermediates\win32\debug\andesite.tlog\link.read.1.tlog
c:\users\jrcdi\source\repos\andesite\bin\intermediates\win32\debug\andesite.tlog\link.write.1.tlog
